[color=#ff9900][b]Version: 1.8.0 ---------------[/b][/color]
Gold Road Update

[color=#ff9900][b]Version: 1.7.0 ---------------[/b][/color]
Scions Update

[color=#ff9900][b]Version: 1.6.0 ---------------[/b][/color]
Update for patch 40

[color=#ff9900][b]Version: 1.5.0 ---------------[/b][/color]
Update for Scribes of Fate

[color=#ff9900][b]Version: 1.4.0 ---------------[/b][/color]
Update for Firesong

[color=#ff9900][b]Version: 1.3.0 ---------------[/b][/color]
Updated for Lost Depths

[color=#ff9900][b]Version: 1.2.0 ---------------[/b][/color]
Updated for High Isle

[color=#ff9900][b]Version: 1.1.1 ---------------[/b][/color]
Add option to play emote when an achievement progressing fish is caught

[color=#ff9900][b]Version: 1.1.0 ---------------[/b][/color]
Updated for Ascending Tide

[color=#ff9900][b]Version: 1.0.4 ---------------[/b][/color]
Account for fishing duration bonus from the Craft tree

[color=#ff9900][b]Version: 1.0.2 ---------------[/b][/color]
Added German localisation - thanks to Baertram
Corrected a localisation issue

[color=#ff9900][b]Version: 1.0.1 ---------------[/b][/color]
Added a sound when fishing is cancelled for reasons other than hooking a fish
Added a sound when a fish is caught, if not using Votan's Fisherman

[color=#ff9900][b]Version: 1.0.0 ---------------[/b][/color]
Initial Release